This is pdfTeX, Version 3.1415926-2.3-1.40.12 (MiKTeX 2.9) (preloaded format=pdflatex 2019.5.30)  16 JUN 2019 19:47
entering extended mode
**76066001-Âº†ÈáëÊ∫ê-Â§ß‰Ωú‰∏öÊä•Âëä.tex
(H:\GitHub\Network-Security\76066001-Âº†ÈáëÊ∫ê-Â§ß‰Ωú‰∏öÊä•Âëä.tex
LaTeX2e <2018-12-01>
(H:\GitHub\Network-Security\llncs.cls
Document Class: llncs 2014/03/31 v2.19 
 LaTeX document class for Lecture Notes in Computer Science

("C:\Users\Michael Octavianus K\AppData\Local\Programs\MiKTeX 2.9\tex\latex\bas
e\article.cls"
Document Class: article 2018/09/03 v1.4i Standard LaTeX document class

("C:\Users\Michael Octavianus K\AppData\Local\Programs\MiKTeX 2.9\tex\latex\bas
e\size10.clo"
File: size10.clo 2018/09/03 v1.4i Standard LaTeX file (size option)
)
\c@part=\count80
\c@section=\count81
\c@subsection=\count82
\c@subsubsection=\count83
\c@paragraph=\count84
\c@subparagraph=\count85
\c@figure=\count86
\c@table=\count87
\abovecaptionskip=\skip41
\belowcaptionskip=\skip42
\bibindent=\dimen102
)
("C:\Users\Michael Octavianus K\AppData\Local\Programs\MiKTeX 2.9\tex\latex\too
ls\multicol.sty"
Package: multicol 2018/12/27 v1.8v multicolumn formatting (FMi)
\c@tracingmulticols=\count88
\mult@box=\box27
\multicol@leftmargin=\dimen103
\c@unbalance=\count89
\c@collectmore=\count90
\doublecol@number=\count91
\multicoltolerance=\count92
\multicolpretolerance=\count93
\full@width=\dimen104
\page@free=\dimen105
\premulticols=\dimen106
\postmulticols=\dimen107
\multicolsep=\skip43
\multicolbaselineskip=\skip44
\partial@page=\box28
\last@line=\box29
\maxbalancingoverflow=\dimen108
\mult@rightbox=\box30
\mult@grightbox=\box31
\mult@gfirstbox=\box32
\mult@firstbox=\box33
\@tempa=\box34
\@tempa=\box35
\@tempa=\box36
\@tempa=\box37
\@tempa=\box38
\@tempa=\box39
\@tempa=\box40
\@tempa=\box41
\@tempa=\box42
\@tempa=\box43
\@tempa=\box44
\@tempa=\box45
\@tempa=\box46
\@tempa=\box47
\@tempa=\box48
\@tempa=\box49
\@tempa=\box50
\c@columnbadness=\count94
\c@finalcolumnbadness=\count95
\last@try=\dimen109
\multicolovershoot=\dimen110
\multicolundershoot=\dimen111
\mult@nat@firstbox=\box51
\colbreak@box=\box52
\mc@col@check@num=\count96
)
("C:\Users\Michael Octavianus K\AppData\Local\Programs\MiKTeX 2.9\tex\latex\obe
rdiek\aliascnt.sty"
Package: aliascnt 2018/09/07 v1.5 Alias counters (HO)
)
\c@chapter=\count97
LaTeX Font Info:    Redeclaring math symbol \Gamma on input line 362.
LaTeX Font Info:    Redeclaring math symbol \Delta on input line 363.
LaTeX Font Info:    Redeclaring math symbol \Theta on input line 364.
LaTeX Font Info:    Redeclaring math symbol \Lambda on input line 365.
LaTeX Font Info:    Redeclaring math symbol \Xi on input line 366.
LaTeX Font Info:    Redeclaring math symbol \Pi on input line 367.
LaTeX Font Info:    Redeclaring math symbol \Sigma on input line 368.
LaTeX Font Info:    Redeclaring math symbol \Upsilon on input line 369.
LaTeX Font Info:    Redeclaring math symbol \Phi on input line 370.
LaTeX Font Info:    Redeclaring math symbol \Psi on input line 371.
LaTeX Font Info:    Redeclaring math symbol \Omega on input line 372.
\tocchpnum=\dimen112
\tocsecnum=\dimen113
\tocsectotal=\dimen114
\tocsubsecnum=\dimen115
\tocsubsectotal=\dimen116
\tocsubsubsecnum=\dimen117
\tocsubsubsectotal=\dimen118
\tocparanum=\dimen119
\tocparatotal=\dimen120
\tocsubparanum=\dimen121
\@tempcntc=\count98
\fnindent=\dimen122
\c@@inst=\count99
\c@@auth=\count100
\c@auco=\count101
\instindent=\dimen123
\authrun=\box53
\authorrunning=\toks14
\tocauthor=\toks15
\titrun=\box54
\titlerunning=\toks16
\toctitle=\toks17
\c@theorem=\count102
\c@case=\count103
\c@conjecture=\count104
\c@corollary=\count105
\c@definition=\count106
\c@example=\count107
\c@exercise=\count108
\c@lemma=\count109
\c@note=\count110
\c@problem=\count111
\c@property=\count112
\c@proposition=\count113
\c@question=\count114
\c@solution=\count115
\c@remark=\count116
\headlineindent=\dimen124
)
("C:\Users\Michael Octavianus K\AppData\Local\Programs\MiKTeX 2.9\tex\latex\cte
x\ctex.sty"
("C:\Users\Michael Octavianus K\AppData\Local\Programs\MiKTeX 2.9\tex\latex\l3k
ernel\expl3.sty"
Package: expl3 2019-05-09 L3 programming layer (loader) 

("C:\Users\Michael Octavianus K\AppData\Local\Programs\MiKTeX 2.9\tex\latex\l3k
ernel\expl3-code.tex"
Package: expl3 2019-05-09 L3 programming layer (code)
\c_max_int=\count117
\l_tmpa_int=\count118
\l_tmpb_int=\count119
\g_tmpa_int=\count120
\g_tmpb_int=\count121
\g__kernel_prg_map_int=\count122
\c__ior_term_ior=\count123
\c_log_iow=\count124
\l_iow_line_count_int=\count125
\l__iow_line_target_int=\count126
\l__iow_one_indent_int=\count127
\l__iow_indent_int=\count128
\c_zero_dim=\dimen125
\c_max_dim=\dimen126
\l_tmpa_dim=\dimen127
\l_tmpb_dim=\dimen128
\g_tmpa_dim=\dimen129
\g_tmpb_dim=\dimen130
\c_zero_skip=\skip45
\c_max_skip=\skip46
\l_tmpa_skip=\skip47
\l_tmpb_skip=\skip48
\g_tmpa_skip=\skip49
\g_tmpb_skip=\skip50
\c_zero_muskip=\muskip10
\c_max_muskip=\muskip11
\l_tmpa_muskip=\muskip12
\l_tmpb_muskip=\muskip13
\g_tmpa_muskip=\muskip14
\g_tmpb_muskip=\muskip15
\l_keys_choice_int=\count129
\l__intarray_loop_int=\count130
\c__intarray_sp_dim=\dimen131
\g__intarray_font_int=\count131
\c__fp_leading_shift_int=\count132
\c__fp_middle_shift_int=\count133
\c__fp_trailing_shift_int=\count134
\c__fp_big_leading_shift_int=\count135
\c__fp_big_middle_shift_int=\count136
\c__fp_big_trailing_shift_int=\count137
\c__fp_Bigg_leading_shift_int=\count138
\c__fp_Bigg_middle_shift_int=\count139
\c__fp_Bigg_trailing_shift_int=\count140
\c__kernel_randint_max_int=\count141
\g__fp_array_int=\count142
\l__fp_array_loop_int=\count143
\l__sort_length_int=\count144
\l__sort_min_int=\count145
\l__sort_top_int=\count146
\l__sort_max_int=\count147
\l__sort_true_max_int=\count148
\l__sort_block_int=\count149
\l__sort_begin_int=\count150
\l__sort_end_int=\count151
\l__sort_A_int=\count152
\l__sort_B_int=\count153
\l__sort_C_int=\count154
\l__tl_analysis_normal_int=\count155
\l__tl_analysis_index_int=\count156
\l__tl_analysis_nesting_int=\count157
\l__tl_analysis_type_int=\count158
\l__regex_internal_a_int=\count159
\l__regex_internal_b_int=\count160
\l__regex_internal_c_int=\count161
\l__regex_balance_int=\count162
\l__regex_group_level_int=\count163
\l__regex_mode_int=\count164
\c__regex_cs_in_class_mode_int=\count165
\c__regex_cs_mode_int=\count166
\l__regex_catcodes_int=\count167
\l__regex_default_catcodes_int=\count168
\c__regex_catcode_D_int=\count169
\c__regex_catcode_S_int=\count170
\c__regex_catcode_L_int=\count171
\c__regex_catcode_O_int=\count172
\c__regex_catcode_A_int=\count173
\c__regex_all_catcodes_int=\count174
\l__regex_show_lines_int=\count175
\l__regex_min_state_int=\count176
\l__regex_max_state_int=\count177
\l__regex_left_state_int=\count178
\l__regex_right_state_int=\count179
\l__regex_capturing_group_int=\count180
\l__regex_min_pos_int=\count181
\l__regex_max_pos_int=\count182
\l__regex_curr_pos_int=\count183
\l__regex_start_pos_int=\count184
\l__regex_success_pos_int=\count185
\l__regex_curr_char_int=\count186
\l__regex_curr_catcode_int=\count187
\l__regex_last_char_int=\count188
\l__regex_case_changed_char_int=\count189
\l__regex_curr_state_int=\count190
\l__regex_step_int=\count191
\l__regex_min_active_int=\count192
\l__regex_max_active_int=\count193
\l__regex_replacement_csnames_int=\count194
\l__regex_match_count_int=\count195
\l__regex_min_submatch_int=\count196
\l__regex_submatch_int=\count197
\l__regex_zeroth_submatch_int=\count198
\g__regex_trace_regex_int=\count199
\c_empty_box=\box55
\l_tmpa_box=\box56
\l_tmpb_box=\box57
\g_tmpa_box=\box58
\g_tmpb_box=\box59
\l__box_top_dim=\dimen132
\l__box_bottom_dim=\dimen133
\l__box_left_dim=\dimen134
\l__box_right_dim=\dimen135
\l__box_top_new_dim=\dimen136
\l__box_bottom_new_dim=\dimen137
\l__box_left_new_dim=\dimen138
\l__box_right_new_dim=\dimen139
\l__box_internal_box=\box60
\l__coffin_internal_box=\box61
\l__coffin_internal_dim=\dimen140
\l__coffin_offset_x_dim=\dimen141
\l__coffin_offset_y_dim=\dimen142
\l__coffin_x_dim=\dimen143
\l__coffin_y_dim=\dimen144
\l__coffin_x_prime_dim=\dimen145
\l__coffin_y_prime_dim=\dimen146
\c_empty_coffin=\box62
\l__coffin_aligned_coffin=\box63
\l__coffin_aligned_internal_coffin=\box64
\l_tmpa_coffin=\box65
\l_tmpb_coffin=\box66
\g_tmpa_coffin=\box67
\g_tmpb_coffin=\box68
\l__coffin_bounding_shift_dim=\dimen147
\l__coffin_left_corner_dim=\dimen148
\l__coffin_right_corner_dim=\dimen149
\l__coffin_bottom_corner_dim=\dimen150
\l__coffin_top_corner_dim=\dimen151
\l__coffin_scaled_total_height_dim=\dimen152
\l__coffin_scaled_width_dim=\dimen153
\c__coffin_empty_coffin=\box69
\l__coffin_display_coffin=\box70
\l__coffin_display_coord_coffin=\box71
\l__coffin_display_pole_coffin=\box72
\l__coffin_display_offset_dim=\dimen154
\l__coffin_display_x_dim=\dimen155
\l__coffin_display_y_dim=\dimen156
\g__file_internal_ior=\read1
\l__seq_internal_a_int=\count266
\l__seq_internal_b_int=\count267
\c__deprecation_minus_one=\count268
)
("C:\Users\Michael Octavianus K\AppData\Local\Programs\MiKTeX 2.9\tex\latex\l3k
ernel\l3pdfmode.def"
File: l3pdfmode.def 2019-04-06 v L3 Experimental driver: PDF mode
\l__driver_internal_box=\box73
\l__driver_color_stack_int=\count269
))
Package: ctex 2019/04/07 v2.4.15 Chinese adapter in LaTeX (CTEX)

("C:\Users\Michael Octavianus K\AppData\Local\Programs\MiKTeX 2.9\tex\latex\l3p
ackages\xparse\xparse.sty"
Package: xparse 2019-05-03 L3 Experimental document command parser
\l__xparse_current_arg_int=\count270
\g__xparse_grabber_int=\count271
\l__xparse_m_args_int=\count272
\l__xparse_v_nesting_int=\count273
)
("C:\Users\Michael Octavianus K\AppData\Local\Programs\MiKTeX 2.9\tex\latex\l3p
ackages\l3keys2e\l3keys2e.sty"
Package: l3keys2e 2019-05-03 LaTeX2e option processing using LaTeX3 keys
)
("C:\Users\Michael Octavianus K\AppData\Local\Programs\MiKTeX 2.9\tex\latex\cte
x\ctexhook.sty"
Package: ctexhook 2019/04/07 v2.4.15 Document and package hooks (CTEX)
)
("C:\Users\Michael Octavianus K\AppData\Local\Programs\MiKTeX 2.9\tex\latex\cte
x\ctexpatch.sty"
Package: ctexpatch 2019/04/07 v2.4.15 Patching commands (CTEX)
)
("C:\Users\Michael Octavianus K\AppData\Local\Programs\MiKTeX 2.9\tex\latex\bas
e\fix-cm.sty"
Package: fix-cm 2015/01/14 v1.1t fixes to LaTeX

("C:\Users\Michael Octavianus K\AppData\Local\Programs\MiKTeX 2.9\tex\latex\bas
e\ts1enc.def"
File: ts1enc.def 2001/06/05 v3.0e (jk/car/fm) Standard LaTeX file
Now handling font encoding TS1 ...
... processing UTF-8 mapping file for font encoding TS1

("C:\Users\Michael Octavianus K\AppData\Local\Programs\MiKTeX 2.9\tex\latex\bas
e\ts1enc.dfu"
File: ts1enc.dfu 2018/10/05 v1.2f UTF-8 support for inputenc
   defining Unicode char U+00A2 (decimal 162)
   defining Unicode char U+00A3 (decimal 163)
   defining Unicode char U+00A4 (decimal 164)
   defining Unicode char U+00A5 (decimal 165)
   defining Unicode char U+00A6 (decimal 166)
   defining Unicode char U+00A7 (decimal 167)
   defining Unicode char U+00A8 (decimal 168)
   defining Unicode char U+00A9 (decimal 169)
   defining Unicode char U+00AA (decimal 170)
   defining Unicode char U+00AC (decimal 172)
   defining Unicode char U+00AE (decimal 174)
   defining Unicode char U+00AF (decimal 175)
   defining Unicode char U+00B0 (decimal 176)
   defining Unicode char U+00B1 (decimal 177)
   defining Unicode char U+00B2 (decimal 178)
   defining Unicode char U+00B3 (decimal 179)
   defining Unicode char U+00B4 (decimal 180)
   defining Unicode char U+00B5 (decimal 181)
   defining Unicode char U+00B6 (decimal 182)
   defining Unicode char U+00B7 (decimal 183)
   defining Unicode char U+00B9 (decimal 185)
   defining Unicode char U+00BA (decimal 186)
   defining Unicode char U+00BC (decimal 188)
   defining Unicode char U+00BD (decimal 189)
   defining Unicode char U+00BE (decimal 190)
   defining Unicode char U+00D7 (decimal 215)
   defining Unicode char U+00F7 (decimal 247)
   defining Unicode char U+0192 (decimal 402)
   defining Unicode char U+02C7 (decimal 711)
   defining Unicode char U+02D8 (decimal 728)
   defining Unicode char U+02DD (decimal 733)
   defining Unicode char U+0E3F (decimal 3647)
   defining Unicode char U+2016 (decimal 8214)
   defining Unicode char U+2020 (decimal 8224)
   defining Unicode char U+2021 (decimal 8225)
   defining Unicode char U+2022 (decimal 8226)
   defining Unicode char U+2030 (decimal 8240)
   defining Unicode char U+2031 (decimal 8241)
   defining Unicode char U+203B (decimal 8251)
   defining Unicode char U+203D (decimal 8253)
   defining Unicode char U+2044 (decimal 8260)
   defining Unicode char U+204E (decimal 8270)
   defining Unicode char U+2052 (decimal 8274)
   defining Unicode char U+20A1 (decimal 8353)
   defining Unicode char U+20A4 (decimal 8356)
   defining Unicode char U+20A6 (decimal 8358)
   defining Unicode char U+20A9 (decimal 8361)
   defining Unicode char U+20AB (decimal 8363)
   defining Unicode char U+20AC (decimal 8364)
   defining Unicode char U+20B1 (decimal 8369)
   defining Unicode char U+2103 (decimal 8451)
   defining Unicode char U+2116 (decimal 8470)
   defining Unicode char U+2117 (decimal 8471)
   defining Unicode char U+211E (decimal 8478)
   defining Unicode char U+2120 (decimal 8480)
   defining Unicode char U+2122 (decimal 8482)
   defining Unicode char U+2126 (decimal 8486)
   defining Unicode char U+2127 (decimal 8487)
   defining Unicode char U+212E (decimal 8494)
   defining Unicode char U+2190 (decimal 8592)
   defining Unicode char U+2191 (decimal 8593)
   defining Unicode char U+2192 (decimal 8594)
   defining Unicode char U+2193 (decimal 8595)
   defining Unicode char U+2329 (decimal 9001)
   defining Unicode char U+232A (decimal 9002)
   defining Unicode char U+2422 (decimal 9250)
   defining Unicode char U+25E6 (decimal 9702)
   defining Unicode char U+25EF (decimal 9711)
   defining Unicode char U+266A (decimal 9834)
   defining Unicode char U+FEFF (decimal 65279)
)))
("C:\Users\Michael Octavianus K\AppData\Local\Programs\MiKTeX 2.9\tex\latex\ms\
everysel.sty"
Package: everysel 2011/10/28 v1.2 EverySelectfont Package (MS)
)
\l__ctex_tmp_int=\count274
\l__ctex_tmp_box=\box74
\l__ctex_tmp_dim=\dimen157
\g__ctex_section_depth_int=\count275
\g__ctex_font_size_int=\count276

("C:\Users\Michael Octavianus K\AppData\Local\Programs\MiKTeX 2.9\tex\latex\cte
x\config\ctexopts.cfg"
File: ctexopts.cfg 2019/04/07 v2.4.15 Option configuration file (CTEX)
)
("C:\Users\Michael Octavianus K\AppData\Local\Programs\MiKTeX 2.9\tex\latex\cte
x\engine\ctex-engine-pdftex.def"
File: ctex-engine-pdftex.def 2019/04/07 v2.4.15 (pdf)LaTeX adapter (CTEX)

("C:\Users\Michael Octavianus K\AppData\Local\Programs\MiKTeX 2.9\tex\latex\cjk
\CJK.sty"
Package: CJK 2015/04/18 4.8.4

("C:\Users\Michael Octavianus K\AppData\Local\Programs\MiKTeX 2.9\tex\latex\cjk
\mule\MULEenc.sty"
Package: MULEenc 2015/04/18 4.8.4
)
("C:\Users\Michael Octavianus K\AppData\Local\Programs\MiKTeX 2.9\tex\latex\cjk
\CJK.enc"
File: CJK.enc 2015/04/18 4.8.4
Now handling font encoding C00 ...
... no UTF-8 mapping file for font encoding C00
Now handling font encoding C05 ...
... no UTF-8 mapping file for font encoding C05
Now handling font encoding C09 ...
... no UTF-8 mapping file for font encoding C09
Now handling font encoding C10 ...
... no UTF-8 mapping file for font encoding C10
Now handling font encoding C20 ...
... no UTF-8 mapping file for font encoding C20
Now handling font encoding C19 ...
... no UTF-8 mapping file for font encoding C19
Now handling font encoding C40 ...
... no UTF-8 mapping file for font encoding C40
Now handling font encoding C42 ...
... no UTF-8 mapping file for font encoding C42
Now handling font encoding C43 ...
... no UTF-8 mapping file for font encoding C43
Now handling font encoding C50 ...
... no UTF-8 mapping file for font encoding C50
Now handling font encoding C52 ...
... no UTF-8 mapping file for font encoding C52
Now handling font encoding C49 ...
... no UTF-8 mapping file for font encoding C49
Now handling font encoding C60 ...
... no UTF-8 mapping file for font encoding C60
Now handling font encoding C61 ...
... no UTF-8 mapping file for font encoding C61
Now handling font encoding C63 ...
... no UTF-8 mapping file for font encoding C63
Now handling font encoding C64 ...
... no UTF-8 mapping file for font encoding C64
Now handling font encoding C65 ...
... no UTF-8 mapping file for font encoding C65
Now handling font encoding C70 ...
... no UTF-8 mapping file for font encoding C70
Now handling font encoding C31 ...
... no UTF-8 mapping file for font encoding C31
Now handling font encoding C32 ...
... no UTF-8 mapping file for font encoding C32
Now handling font encoding C33 ...
... no UTF-8 mapping file for font encoding C33
Now handling font encoding C34 ...
... no UTF-8 mapping file for font encoding C34
Now handling font encoding C35 ...
... no UTF-8 mapping file for font encoding C35
Now handling font encoding C36 ...
... no UTF-8 mapping file for font encoding C36
Now handling font encoding C37 ...
... no UTF-8 mapping file for font encoding C37
Now handling font encoding C80 ...
... no UTF-8 mapping file for font encoding C80
Now handling font encoding C81 ...
... no UTF-8 mapping file for font encoding C81
Now handling font encoding C01 ...
... no UTF-8 mapping file for font encoding C01
Now handling font encoding C11 ...
... no UTF-8 mapping file for font encoding C11
Now handling font encoding C21 ...
... no UTF-8 mapping file for font encoding C21
Now handling font encoding C41 ...
... no UTF-8 mapping file for font encoding C41
Now handling font encoding C62 ...
... no UTF-8 mapping file for font encoding C62
)
LaTeX Info: Redefining \selectfont on input line 755.
\CJK@indent=\box75
)
("C:\Users\Michael Octavianus K\AppData\Local\Programs\MiKTeX 2.9\tex\latex\cjk
punct\CJKpunct.sty"
Package: CJKpunct 2016/05/14 4.8.4
\CJKpunct@cnta=\count277
\CJKpunct@cntb=\count278
\CJKpunct@cntc=\count279
\CJKpunct@cntd=\count280
\CJKpunct@cnte=\count281
   defining Unicode char U+2018 (decimal 8216)
   defining Unicode char U+2019 (decimal 8217)
   defining Unicode char U+201C (decimal 8220)
   defining Unicode char U+201D (decimal 8221)
   defining Unicode char U+2014 (decimal 8212)
   defining Unicode char U+2026 (decimal 8230)

("C:\Users\Michael Octavianus K\AppData\Local\Programs\MiKTeX 2.9\tex\latex\cjk
punct\CJKpunct.spa"))
("C:\Users\Michael Octavianus K\AppData\Local\Programs\MiKTeX 2.9\tex\latex\cjk
\CJKspace.sty"
Package: CJKspace 2015/04/18 3.8.0
)
("C:\Users\Michael Octavianus K\AppData\Local\Programs\MiKTeX 2.9\tex\latex\cjk
\standard.bdg"
File: standard.bdg 2015/04/18 4.8.4
)
("C:\Users\Michael Octavianus K\AppData\Local\Programs\MiKTeX 2.9\tex\latex\cte
x\ctexspa.def"
File: ctexspa.def 2019/04/07 v2.4.15 Space info for CJKpunct (CTEX)
)
("C:\Users\Michael Octavianus K\AppData\Local\Programs\MiKTeX 2.9\tex\latex\cjk
\CJKfntef.sty"
Package: CJKfntef 2015/04/18 4.8.4

("C:\Users\Michael Octavianus K\AppData\Local\Programs\MiKTeX 2.9\tex\latex\cjk
\CJKulem.sty"
Package: CJKulem 2015/04/18 4.8.4

("C:\Users\Michael Octavianus K\AppData\Local\Programs\MiKTeX 2.9\tex\latex\ule
m\ulem.sty"
\UL@box=\box76
\UL@hyphenbox=\box77
\UL@skip=\skip51
\UL@hook=\toks18
\UL@height=\dimen158
\UL@pe=\count282
\UL@pixel=\dimen159
\ULC@box=\box78
Package: ulem 2012/05/18
\ULdepth=\dimen160
)
\UL@lastkern=\dimen161
\CJK@skip=\skip52
)
\CJK@fntefSkip=\skip53
\CJK@nest=\count283
\CJK@fntefDimen=\dimen162
\CJK@underdotBox=\box79
\CJK@ULbox=\box80
\CJK@underanyskip=\dimen163
)
\ccwd=\dimen164
\l__ctex_ccglue_skip=\skip54
)
\l__ctex_ziju_dim=\dimen165

("C:\Users\Michael Octavianus K\AppData\Local\Programs\MiKTeX 2.9\tex\latex\zhn
umber\zhnumber.sty"
Package: zhnumber 2019/04/07 v2.7 Typesetting numbers with Chinese glyphs
\l__zhnum_scale_int=\count284
\l__zhnum_byte_min_int=\count285
\l__zhnum_byte_max_int=\count286

("C:\Users\Michael Octavianus K\AppData\Local\Programs\MiKTeX 2.9\tex\latex\zhn
umber\zhnumber-gbk.cfg"
File: zhnumber-gbk.cfg 2019/04/07 v2.7 Chinese numerals with GBK encoding
))
("C:\Users\Michael Octavianus K\AppData\Local\Programs\MiKTeX 2.9\tex\latex\cte
x\scheme\ctex-scheme-chinese.def"
File: ctex-scheme-chinese.def 2019/04/07 v2.4.15 Chinese scheme for generic (CT
EX)

("C:\Users\Michael Octavianus K\AppData\Local\Programs\MiKTeX 2.9\tex\latex\cte
x\config\ctex-name-gbk.cfg"
File: ctex-name-gbk.cfg 2019/04/07 v2.4.15 Caption with encoding GBK (CTEX)
))
("C:\Users\Michael Octavianus K\AppData\Local\Programs\MiKTeX 2.9\tex\latex\too
ls\indentfirst.sty"
Package: indentfirst 1995/11/23 v1.03 Indent first paragraph (DPC)
)
("C:\Users\Michael Octavianus K\AppData\Local\Programs\MiKTeX 2.9\tex\latex\cte
x\ctex-c5size.clo"
File: ctex-c5size.clo 2019/04/07 v2.4.15 c5size option (CTEX)
)
("C:\Users\Michael Octavianus K\AppData\Local\Programs\MiKTeX 2.9\tex\latex\cte
x\fontset\ctex-fontset-windows.def"
File: ctex-fontset-windows.def 2019/04/07 v2.4.15 Windows fonts definition (CTE
X)

("C:\Users\Michael Octavianus K\AppData\Local\Programs\MiKTeX 2.9\tex\latex\cte
x\fontset\ctex-fontset-windowsnew.def"
File: ctex-fontset-windowsnew.def 2019/04/07 v2.4.15 Windows fonts definition f
or Vista or later version (CTEX)

("C:\Users\Michael Octavianus K\AppData\Local\Programs\MiKTeX 2.9\tex\generic\c
tex\zhwindowsfonts.tex"
File: zhwindowsfonts.tex 2019/04/07 v2.4.15 Windows font map loader for pdfTeX 
and DVIPDFMx (CTEX)
{H:/Program Files/CTEX/UserData/pdftex/config/pdftex.map{Unicode.sfd}{UGBK.sfd}
}))))
("C:\Users\Michael Octavianus K\AppData\Local\Programs\MiKTeX 2.9\tex\latex\cte
x\config\ctex.cfg"
File: ctex.cfg 2019/04/07 v2.4.15 Configuration file (CTEX)
)
("C:\Users\Michael Octavianus K\AppData\Local\Programs\MiKTeX 2.9\tex\latex\ams
fonts\amsfonts.sty"
Package: amsfonts 2013/01/14 v3.01 Basic AMSFonts support
\@emptytoks=\toks19
\symAMSa=\mathgroup4
\symAMSb=\mathgroup5
LaTeX Font Info:    Overwriting math alphabet `\mathfrak' in version `bold'
(Font)                  U/euf/m/n --> U/euf/b/n on input line 106.
)
("C:\Users\Michael Octavianus K\AppData\Local\Programs\MiKTeX 2.9\tex\latex\ams
math\amstext.sty"
Package: amstext 2000/06/29 v2.01 AMS text

("C:\Users\Michael Octavianus K\AppData\Local\Programs\MiKTeX 2.9\tex\latex\ams
math\amsgen.sty"
File: amsgen.sty 1999/11/30 v2.0 generic functions
\@emptytoks=\toks20
\ex@=\dimen166
))
("C:\Users\Michael Octavianus K\AppData\Local\Programs\MiKTeX 2.9\tex\latex\ams
math\amsmath.sty"
Package: amsmath 2018/12/01 v2.17b AMS math features
\@mathmargin=\skip55

For additional information on amsmath, use the `?' option.

("C:\Users\Michael Octavianus K\AppData\Local\Programs\MiKTeX 2.9\tex\latex\ams
math\amsbsy.sty"
Package: amsbsy 1999/11/29 v1.2d Bold Symbols
\pmbraise@=\dimen167
)
("C:\Users\Michael Octavianus K\AppData\Local\Programs\MiKTeX 2.9\tex\latex\ams
math\amsopn.sty"
Package: amsopn 2016/03/08 v2.02 operator names
)
\inf@bad=\count287
LaTeX Info: Redefining \frac on input line 223.
\uproot@=\count288
\leftroot@=\count289
LaTeX Info: Redefining \overline on input line 385.
\classnum@=\count290
\DOTSCASE@=\count291
LaTeX Info: Redefining \ldots on input line 482.
LaTeX Info: Redefining \dots on input line 485.
LaTeX Info: Redefining \cdots on input line 606.
\Mathstrutbox@=\box81
\strutbox@=\box82
\big@size=\dimen168
LaTeX Font Info:    Redeclaring font encoding OML on input line 729.
LaTeX Font Info:    Redeclaring font encoding OMS on input line 730.


Package amsmath Warning: Unable to redefine math accent \vec.

\macc@depth=\count292
\c@MaxMatrixCols=\count293
\dotsspace@=\muskip16
\c@parentequation=\count294
\dspbrk@lvl=\count295
\tag@help=\toks21
\row@=\count296
\column@=\count297
\maxfields@=\count298
\andhelp@=\toks22
\eqnshift@=\dimen169
\alignsep@=\dimen170
\tagshift@=\dimen171
\tagwidth@=\dimen172
\totwidth@=\dimen173
\lineht@=\dimen174
\@envbody=\toks23
\multlinegap=\skip56
\multlinetaggap=\skip57
\mathdisplay@stack=\toks24
LaTeX Info: Redefining \[ on input line 2844.
LaTeX Info: Redefining \] on input line 2845.
)
("C:\Users\Michael Octavianus K\AppData\Local\Programs\MiKTeX 2.9\tex\latex\enu
mitem\enumitem.sty"
Package: enumitem 2019/02/04 v3.8 Customized lists
\enitkv@toks@=\toks25
\labelindent=\skip58
\enit@outerparindent=\dimen175
\enit@toks=\toks26
\enit@inbox=\box83
\enit@count@id=\count299
\enitdp@description=\count300
)
("C:\Users\Michael Octavianus K\AppData\Local\Programs\MiKTeX 2.9\tex\latex\mul
tirow\multirow.sty"
Package: multirow 2019/01/01 v2.4 Span multiple rows of a table
\multirow@colwidth=\skip59
\multirow@cntb=\count301
\multirow@dima=\skip60
\bigstrutjot=\dimen176
)
("C:\Users\Michael Octavianus K\AppData\Local\Programs\MiKTeX 2.9\tex\latex\gra
phics\graphicx.sty"
Package: graphicx 2017/06/01 v1.1a Enhanced LaTeX Graphics (DPC,SPQR)

("C:\Users\Michael Octavianus K\AppData\Local\Programs\MiKTeX 2.9\tex\latex\gra
phics\keyval.sty"
Package: keyval 2014/10/28 v1.15 key=value parser (DPC)
\KV@toks@=\toks27
)
("C:\Users\Michael Octavianus K\AppData\Local\Programs\MiKTeX 2.9\tex\latex\gra
phics\graphics.sty"
Package: graphics 2017/06/25 v1.2c Standard LaTeX Graphics (DPC,SPQR)

("C:\Users\Michael Octavianus K\AppData\Local\Programs\MiKTeX 2.9\tex\latex\gra
phics\trig.sty"
Package: trig 2016/01/03 v1.10 sin cos tan (DPC)
)
("C:\Users\Michael Octavianus K\AppData\Local\Programs\MiKTeX 2.9\tex\latex\gra
phics-cfg\graphics.cfg"
File: graphics.cfg 2016/06/04 v1.11 sample graphics configuration
)
Package graphics Info: Driver file: pdftex.def on input line 99.

("C:\Users\Michael Octavianus K\AppData\Local\Programs\MiKTeX 2.9\tex\latex\gra
phics-def\pdftex.def"
File: pdftex.def 2018/01/08 v1.0l Graphics/color driver for pdftex
))
\Gin@req@height=\dimen177
\Gin@req@width=\dimen178
)
("C:\Users\Michael Octavianus K\AppData\Local\Programs\MiKTeX 2.9\tex\latex\sub
figure\subfigure.sty"
Package: subfigure 2002/07/30 v2.1.4 subfigure package
\subfigtopskip=\skip61
\subfigcapskip=\skip62
\subfigcaptopadj=\dimen179
\subfigbottomskip=\skip63
\subfigcapmargin=\dimen180
\subfiglabelskip=\skip64
\c@subfigure=\count302
\c@lofdepth=\count303
\c@subtable=\count304
\c@lotdepth=\count305

****************************************
* Local config file subfigure.cfg used *
****************************************

("C:\Users\Michael Octavianus K\AppData\Local\Programs\MiKTeX 2.9\tex\latex\sub
figure\subfigure.cfg")
\subfig@top=\skip65
\subfig@bottom=\skip66
)
("C:\Users\Michael Octavianus K\AppData\Local\Programs\MiKTeX 2.9\tex\latex\ams
fonts\amssymb.sty"
Package: amssymb 2013/01/14 v3.01 AMS font symbols
)
("C:\Users\Michael Octavianus K\AppData\Local\Programs\MiKTeX 2.9\tex\latex\alg
orithms\algorithm.sty"
Package: algorithm 2009/08/24 v0.1 Document Style `algorithm' - floating enviro
nment

("C:\Users\Michael Octavianus K\AppData\Local\Programs\MiKTeX 2.9\tex\latex\flo
at\float.sty"
Package: float 2001/11/08 v1.3d Float enhancements (AL)
\c@float@type=\count306
\float@exts=\toks28
\float@box=\box84
\@float@everytoks=\toks29
\@floatcapt=\box85
)
("C:\Users\Michael Octavianus K\AppData\Local\Programs\MiKTeX 2.9\tex\latex\bas
e\ifthen.sty"
Package: ifthen 2014/09/29 v1.1c Standard LaTeX ifthen package (DPC)
)
\@float@every@algorithm=\toks30
\c@algorithm=\count307
)
("C:\Users\Michael Octavianus K\AppData\Local\Programs\MiKTeX 2.9\tex\latex\alg
orithms\algorithmic.sty"
Package: algorithmic 2009/08/24 v0.1 Document Style `algorithmic'
\c@ALC@unique=\count308
\c@ALC@line=\count309
\c@ALC@rem=\count310
\c@ALC@depth=\count311
\ALC@tlm=\skip67
\algorithmicindent=\skip68
)
("C:\Users\Michael Octavianus K\AppData\Local\Programs\MiKTeX 2.9\tex\latex\url
\url.sty"
\Urlmuskip=\muskip17
Package: url 2013/09/16  ver 3.4  Verb mode for urls, etc.
)
("C:\Users\Michael Octavianus K\AppData\Local\Programs\MiKTeX 2.9\tex\latex\cit
e\cite.sty"
LaTeX Info: Redefining \cite on input line 302.
LaTeX Info: Redefining \nocite on input line 332.
Package: cite 2015/02/27  v 5.5
)
("C:\Users\Michael Octavianus K\AppData\Local\Programs\MiKTeX 2.9\tex\latex\gra
phics\color.sty"
Package: color 2016/07/10 v1.1e Standard LaTeX Color (DPC)

("C:\Users\Michael Octavianus K\AppData\Local\Programs\MiKTeX 2.9\tex\latex\gra
phics-cfg\color.cfg"
File: color.cfg 2016/01/02 v1.6 sample color configuration
)
Package color Info: Driver file: pdftex.def on input line 147.
)
("C:\Users\Michael Octavianus K\AppData\Local\Programs\MiKTeX 2.9\tex\latex\cjk
\extended.enc"
File: extended.enc 2015/04/18 4.8.4
)
("C:\Users\Michael Octavianus K\AppData\Local\Programs\MiKTeX 2.9\tex\latex\cjk
\extended.chr"
File: extended.chr 2015/04/18 4.8.4
)
(H:\GitHub\Network-Security\76066001-Âº†ÈáëÊ∫ê-Â§ß‰Ωú‰∏öÊä•Âëä.aux)
LaTeX Font Info:    Checking defaults for OML/cmm/m/it on input line 23.
LaTeX Font Info:    ... okay on input line 23.
LaTeX Font Info:    Checking defaults for T1/cmr/m/n on input line 23.
LaTeX Font Info:    ... okay on input line 23.
LaTeX Font Info:    Checking defaults for OT1/cmr/m/n on input line 23.
LaTeX Font Info:    ... okay on input line 23.
LaTeX Font Info:    Checking defaults for OMS/cmsy/m/n on input line 23.
LaTeX Font Info:    ... okay on input line 23.
LaTeX Font Info:    Checking defaults for OMX/cmex/m/n on input line 23.
LaTeX Font Info:    ... okay on input line 23.
LaTeX Font Info:    Checking defaults for U/cmr/m/n on input line 23.
LaTeX Font Info:    ... okay on input line 23.
LaTeX Font Info:    Checking defaults for TS1/cmr/m/n on input line 23.
LaTeX Font Info:    ... okay on input line 23.
LaTeX Font Info:    Checking defaults for C00/song/m/n on input line 23.
LaTeX Font Info:    ... okay on input line 23.
LaTeX Font Info:    Checking defaults for C05/song/m/n on input line 23.
LaTeX Font Info:    ... okay on input line 23.
LaTeX Font Info:    Checking defaults for C09/song/m/n on input line 23.
LaTeX Font Info:    ... okay on input line 23.
LaTeX Font Info:    Checking defaults for C10/song/m/n on input line 23.
LaTeX Font Info:    ... okay on input line 23.
LaTeX Font Info:    Checking defaults for C20/song/m/n on input line 23.
LaTeX Font Info:    ... okay on input line 23.
LaTeX Font Info:    Checking defaults for C19/song/m/n on input line 23.
LaTeX Font Info:    ... okay on input line 23.
LaTeX Font Info:    Checking defaults for C40/song/m/n on input line 23.
LaTeX Font Info:    ... okay on input line 23.
LaTeX Font Info:    Checking defaults for C42/song/m/n on input line 23.
LaTeX Font Info:    ... okay on input line 23.
LaTeX Font Info:    Checking defaults for C43/song/m/n on input line 23.
LaTeX Font Info:    ... okay on input line 23.
LaTeX Font Info:    Checking defaults for C50/song/m/n on input line 23.
LaTeX Font Info:    ... okay on input line 23.
LaTeX Font Info:    Checking defaults for C52/song/m/n on input line 23.
LaTeX Font Info:    ... okay on input line 23.
LaTeX Font Info:    Checking defaults for C49/song/m/n on input line 23.
LaTeX Font Info:    ... okay on input line 23.
LaTeX Font Info:    Checking defaults for C60/mj/m/n on input line 23.
LaTeX Font Info:    ... okay on input line 23.
LaTeX Font Info:    Checking defaults for C61/mj/m/n on input line 23.
LaTeX Font Info:    ... okay on input line 23.
LaTeX Font Info:    Checking defaults for C63/mj/m/n on input line 23.
LaTeX Font Info:    ... okay on input line 23.
LaTeX Font Info:    Checking defaults for C64/mj/m/n on input line 23.
LaTeX Font Info:    ... okay on input line 23.
LaTeX Font Info:    Checking defaults for C65/mj/m/n on input line 23.
LaTeX Font Info:    ... okay on input line 23.
LaTeX Font Info:    Checking defaults for C70/song/m/n on input line 23.
LaTeX Font Info:    ... okay on input line 23.
LaTeX Font Info:    Checking defaults for C31/song/m/n on input line 23.
LaTeX Font Info:    ... okay on input line 23.
LaTeX Font Info:    Checking defaults for C32/song/m/n on input line 23.
LaTeX Font Info:    ... okay on input line 23.
LaTeX Font Info:    Checking defaults for C33/song/m/n on input line 23.
LaTeX Font Info:    ... okay on input line 23.
LaTeX Font Info:    Checking defaults for C34/song/m/n on input line 23.
LaTeX Font Info:    ... okay on input line 23.
LaTeX Font Info:    Checking defaults for C35/song/m/n on input line 23.
LaTeX Font Info:    ... okay on input line 23.
LaTeX Font Info:    Checking defaults for C36/song/m/n on input line 23.
LaTeX Font Info:    ... okay on input line 23.
LaTeX Font Info:    Checking defaults for C37/song/m/n on input line 23.
LaTeX Font Info:    ... okay on input line 23.
LaTeX Font Info:    Checking defaults for C80/song/m/n on input line 23.
LaTeX Font Info:    ... okay on input line 23.
LaTeX Font Info:    Checking defaults for C81/song/m/n on input line 23.
LaTeX Font Info:    ... okay on input line 23.
LaTeX Font Info:    Checking defaults for C01/song/m/n on input line 23.
LaTeX Font Info:    ... okay on input line 23.
LaTeX Font Info:    Checking defaults for C11/song/m/n on input line 23.
LaTeX Font Info:    ... okay on input line 23.
LaTeX Font Info:    Checking defaults for C21/song/m/n on input line 23.
LaTeX Font Info:    ... okay on input line 23.
LaTeX Font Info:    Checking defaults for C41/song/m/n on input line 23.
LaTeX Font Info:    ... okay on input line 23.
LaTeX Font Info:    Checking defaults for C62/song/m/n on input line 23.
LaTeX Font Info:    ... okay on input line 23.

ABD: EverySelectfont initializing macros
LaTeX Info: Redefining \selectfont on input line 23.

("C:\Users\Michael Octavianus K\AppData\Local\Programs\MiKTeX 2.9\tex\context\b
ase\mkii\supp-pdf.mkii"
[Loading MPS to PDF converter (version 2006.09.02).]
\scratchcounter=\count312
\scratchdimen=\dimen181
\scratchbox=\box86
\nofMPsegments=\count313
\nofMParguments=\count314
\everyMPshowfont=\toks31
\MPscratchCnt=\count315
\MPscratchDim=\dimen182
\MPnumerator=\count316
\makeMPintoPDFobject=\count317
\everyMPtoPDFconversion=\toks32
)
("C:\Users\Michael Octavianus K\AppData\Local\Programs\MiKTeX 2.9\tex\latex\obe
rdiek\epstopdf-base.sty"
Package: epstopdf-base 2016/05/15 v2.6 Base part for package epstopdf

("C:\Users\Michael Octavianus K\AppData\Local\Programs\MiKTeX 2.9\tex\generic\o
berdiek\infwarerr.sty"
Package: infwarerr 2016/05/16 v1.4 Providing info/warning/error messages (HO)
)
("C:\Users\Michael Octavianus K\AppData\Local\Programs\MiKTeX 2.9\tex\latex\obe
rdiek\grfext.sty"
Package: grfext 2016/05/16 v1.2 Manage graphics extensions (HO)

("C:\Users\Michael Octavianus K\AppData\Local\Programs\MiKTeX 2.9\tex\generic\o
berdiek\kvdefinekeys.sty"
Package: kvdefinekeys 2016/05/16 v1.4 Define keys (HO)

("C:\Users\Michael Octavianus K\AppData\Local\Programs\MiKTeX 2.9\tex\generic\o
berdiek\ltxcmds.sty"
Package: ltxcmds 2016/05/16 v1.23 LaTeX kernel commands for general use (HO)
)))
("C:\Users\Michael Octavianus K\AppData\Local\Programs\MiKTeX 2.9\tex\latex\obe
rdiek\kvoptions.sty"
Package: kvoptions 2016/05/16 v3.12 Key value format for package options (HO)

("C:\Users\Michael Octavianus K\AppData\Local\Programs\MiKTeX 2.9\tex\generic\o
berdiek\kvsetkeys.sty"
Package: kvsetkeys 2016/05/16 v1.17 Key value parser (HO)

("C:\Users\Michael Octavianus K\AppData\Local\Programs\MiKTeX 2.9\tex\generic\o
berdiek\etexcmds.sty"
Package: etexcmds 2016/05/16 v1.6 Avoid name clashes with e-TeX commands (HO)

("C:\Users\Michael Octavianus K\AppData\Local\Programs\MiKTeX 2.9\tex\generic\o
berdiek\ifluatex.sty"
Package: ifluatex 2016/05/16 v1.4 Provides the ifluatex switch (HO)
Package ifluatex Info: LuaTeX not detected.
)
Package etexcmds Info: Could not find \expanded.
(etexcmds)             That can mean that you are not using pdfTeX 1.50 or
(etexcmds)             that some package has redefined \expanded.
(etexcmds)             In the latter case, load this package earlier.
)))
("C:\Users\Michael Octavianus K\AppData\Local\Programs\MiKTeX 2.9\tex\generic\o
berdiek\pdftexcmds.sty"
Package: pdftexcmds 2018/09/10 v0.29 Utility functions of pdfTeX for LuaTeX (HO
)

("C:\Users\Michael Octavianus K\AppData\Local\Programs\MiKTeX 2.9\tex\generic\o
berdiek\ifpdf.sty"
Package: ifpdf 2018/09/07 v3.3 Provides the ifpdf switch
)
Package pdftexcmds Info: LuaTeX not detected.
Package pdftexcmds Info: \pdf@primitive is available.
Package pdftexcmds Info: \pdf@ifprimitive is available.
Package pdftexcmds Info: \pdfdraftmode found.
)
Package epstopdf-base Info: Redefining graphics rule for `.eps' on input line 4
38.
Package grfext Info: Graphics extension search list:
(grfext)             [.pdf,.png,.jpg,.mps,.jpeg,.jbig2,.jb2,.PDF,.PNG,.JPG,.JPE
G,.JBIG2,.JB2,.eps]
(grfext)             \AppendGraphicsExtensions on input line 456.
)
LaTeX Font Info:    Try loading font information for C19+rm on input line 30.

("C:\Users\Michael Octavianus K\AppData\Local\Programs\MiKTeX 2.9\tex\latex\cte
x\fd\c19rm.fd"
File: c19rm.fd 2019/04/07 v2.4.15 Chinese font definition (CTEX)
)<<c1945.cmap>><<c1956.cmap>><<c1944.cmap>><<c1958.cmap>><<c1949.cmap>><<c1936.
cmap>><<c1954.cmap>><<c1939.cmap>><<c1965.cmap>><<c1961.cmap>><<c1955.cmap>><<c
1937.cmap>><<c1942.cmap>><<c1941.cmap>><<c1953.cmap>><<c1947.cmap>><<c1957.cmap
>>
LaTeX Font Info:    Try loading font information for U+msa on input line 30.

("C:\Users\Michael Octavianus K\AppData\Local\Programs\MiKTeX 2.9\tex\latex\ams
fonts\umsa.fd"
File: umsa.fd 2013/01/14 v3.01 AMS symbols A
)
LaTeX Font Info:    Try loading font information for U+msb on input line 30.

("C:\Users\Michael Octavianus K\AppData\Local\Programs\MiKTeX 2.9\tex\latex\ams
fonts\umsb.fd"
File: umsb.fd 2013/01/14 v3.01 AMS symbols B
)<<c1963.cmap>><<c1946.cmap>><<c1960.cmap>><<c1962.cmap>><<c1943.cmap>><<c1964.
cmap>><<c1940.cmap>><<c1938.cmap>><<c1925.cmap>>
Package CJKpunct Info: use punctuation spaces for family 'rm' with punctstyle (
quanjiao) on input line 33.
<<c1951.cmap>><<c1952.cmap>><<c1926.cmap>><<c1959.cmap>><<c1948.cmap>><<c1950.c
map>>

LaTeX Warning: Citation `firewall' on page 1 undefined on input line 39.

[1

]
<figures/network-link.pdf, id=97, 422.80962pt x 183.9974pt>
File: figures/network-link.pdf Graphic file (type pdf)
<use figures/network-link.pdf>
Package pdftex.def Info: figures/network-link.pdf  used on input line 70.
(pdftex.def)             Requested size: 332.81712pt x 142.26378pt.
 [2]
Overfull \hbox (7.70413pt too wide) in paragraph at lines 82--83
\C19/rm/m/n/10.53937/47 å|\C19/rm/m/n/10.53937/26 ß| \C19/rm/m/n/10.53937/37 ? 
\C19/rm/m/n/10.53937/61 » \C19/rm/m/n/10.53937/44   \C19/rm/m/n/10.53937/45 Ú \
C19/rm/m/n/10.53937/55 ) \C19/rm/m/n/10.53937/38 § \C19/rm/m/n/10.53937/54 n \C
19/rm/m/n/10.53937/42 á \C19/rm/m/n/10.53937/58 © \C19/rm/m/n/10.53937/45 á|\C1
9/rm/m/n/10.53937/26 ß| \OT1/cmr/m/n/10.53937 filter[]ip.ko|\C19/rm/m/n/10.5393
7/26 ß| \OT1/cmr/m/n/10.53937 filter[]port.ko\C19/rm/m/n/10.53937/61 ± \C19/rm/
m/n/10.53937/45 9 \OT1/cmr/m/n/10.53937 fil-ter[]prot.ko|\C19/rm/m/n/10.53937/2
5 "|
 []


Underfull \hbox (badness 10000) in paragraph at lines 82--83

 []

<<c1974.cmap>> [3 <H:/GitHub/Network-Security/figures/network-link.pdf>]
Overfull \hbox (5.292pt too wide) in paragraph at lines 100--101
[]\C19/rm/m/n/10.53937/47 m \C19/rm/m/n/10.53937/52 È \C19/rm/m/n/10.53937/45 O
 \C19/rm/m/n/10.53937/56 é \C19/rm/m/n/10.53937/44 ≈\OT1/cmr/m/n/10.53937 A\C19
/rm/m/n/10.53937/40 \OT1/cmr/m/n/10.53937 telnet\C19/rm/m/n/10.53937/41 — \C19
/rm/m/n/10.53937/58 ÷|\C19/rm/m/n/10.53937/25 "| \C19/rm/m/n/10.53937/55 ¶ \C19
/rm/m/n/10.53937/62 ^\OT1/cmr/m/n/10.53937 netstat -a | grep tel-net\C19/rm/m/n
/10.53937/50 ∑ \C19/rm/m/n/10.53937/49 - \C19/rm/m/n/10.53937/38  \C19/rm/m/n/
10.53937/47 w\OT1/cmr/m/n/10.53937 telnet\C19/rm/m/n/10.53937/63 $
 []

<figures/exp1.pdf, id=115, 553.41754pt x 257.05034pt>
File: figures/exp1.pdf Graphic file (type pdf)
<use figures/exp1.pdf>
Package pdftex.def Info: figures/exp1.pdf  used on input line 123.
(pdftex.def)             Requested size: 310.01775pt x 142.26378pt.
<figures/exp2-1.pdf, id=117, 422.80962pt x 224.39835pt>
File: figures/exp2-1.pdf Graphic file (type pdf)
<use figures/exp2-1.pdf>
Package pdftex.def Info: figures/exp2-1.pdf  used on input line 137.
(pdftex.def)             Requested size: 271.32765pt x 142.26378pt.
[4]
<figures/exp3.pdf, id=123, 552.8655pt x 206.68216pt>
File: figures/exp3.pdf Graphic file (type pdf)
<use figures/exp3.pdf>
Package pdftex.def Info: figures/exp3.pdf  used on input line 146.
(pdftex.def)             Requested size: 387.30276pt x 142.26378pt.

Overfull \hbox (40.17923pt too wide) in paragraph at lines 146--150
 [][] 
 []

[5 <H:/GitHub/Network-Security/figures/exp1.pdf> <H:/GitHub/Network-Security/fi
gures/exp2-1.pdf>]
(H:\GitHub\Network-Security\76066001-Âº†ÈáëÊ∫ê-Â§ß‰Ωú‰∏öÊä•Âëä.bbl) [6 <H:/GitH
ub/Network-Security/figures/exp3.pdf>]
(H:\GitHub\Network-Security\76066001-Âº†ÈáëÊ∫ê-Â§ß‰Ωú‰∏öÊä•Âëä.aux)

LaTeX Warning: There were undefined references.

 ) 
Here is how much of TeX's memory you used:
 17452 strings out of 494869
 322064 string characters out of 3176491
 340324 words of memory out of 3000000
 20660 multiletter control sequences out of 15000+200000
 571086 words of font info for 169 fonts, out of 3000000 for 9000
 14 hyphenation exceptions out of 8191
 41i,8n,63p,523b,333s stack positions out of 5000i,500n,10000p,200000b,50000s
<C:/WINDOWS/Fonts/simsun.ttc><C:/WINDOWS/Fonts/simhei.ttf><C:/WINDOWS/Fonts/s
imhei.ttf><C:/WINDOWS/Fonts/simhei.ttf><C:/WINDOWS/Fonts/simhei.ttf><C:/WINDOWS
/Fonts/simhei.ttf><C:/WINDOWS/Fonts/simhei.ttf><C:/WINDOWS/Fonts/simhei.ttf><C:
/WINDOWS/Fonts/simhei.ttf><C:/WINDOWS/Fonts/simhei.ttf><C:/WINDOWS/Fonts/simsun
.ttc><C:/WINDOWS/Fonts/simsun.ttc><C:/WINDOWS/Fonts/simsun.ttc><C:/WINDOWS/Font
s/simsun.ttc><C:/WINDOWS/Fonts/simsun.ttc><C:/WINDOWS/Fonts/simsun.ttc><C:/WIND
OWS/Fonts/simsun.ttc><C:/WINDOWS/Fonts/simsun.ttc><C:/WINDOWS/Fonts/simsun.ttc>
<C:/WINDOWS/Fonts/simsun.ttc><C:/WINDOWS/Fonts/simsun.ttc><C:/WINDOWS/Fonts/sim
sun.ttc><C:/WINDOWS/Fonts/simsun.ttc><C:/WINDOWS/Fonts/simsun.ttc><C:/WINDOWS/F
onts/simsun.ttc><C:/WINDOWS/Fonts/simsun.ttc><C:/WINDOWS/Fonts/simsun.ttc><C:/W
INDOWS/Fonts/simsun.ttc><C:/WINDOWS/Fonts/simhei.ttf><C:/WINDOWS/Fonts/simsun.t
tc><C:/WINDOWS/Fonts/simsun.ttc><C:/WINDOWS/Fonts/simsun.ttc><C:/WINDOWS/Fonts/
simsun.ttc><C:/WINDOWS/Fonts/simsun.ttc><C:/WINDOWS/Fonts/simsun.ttc><C:/WINDOW
S/Fonts/simsun.ttc><C:/WINDOWS/Fonts/simsun.ttc><C:/WINDOWS/Fonts/simsun.ttc><C
:/WINDOWS/Fonts/simsun.ttc><C:/WINDOWS/Fonts/simsun.ttc><C:/WINDOWS/Fonts/simsu
n.ttc><C:/WINDOWS/Fonts/simsun.ttc><C:/WINDOWS/Fonts/simsun.ttc><C:/WINDOWS/Fon
ts/simhei.ttf><C:/WINDOWS/Fonts/simhei.ttf><C:/WINDOWS/Fonts/simhei.ttf><C:/WIN
DOWS/Fonts/simhei.ttf><C:/WINDOWS/Fonts/simhei.ttf><C:/WINDOWS/Fonts/simhei.ttf
><C:/WINDOWS/Fonts/simhei.ttf><C:/WINDOWS/Fonts/simhei.ttf><C:/WINDOWS/Fonts/si
mhei.ttf><C:/WINDOWS/Fonts/simhei.ttf><C:/WINDOWS/Fonts/simhei.ttf><C:/WINDOWS/
Fonts/simhei.ttf><C:/WINDOWS/Fonts/simhei.ttf><C:/WINDOWS/Fonts/simhei.ttf><C:/
WINDOWS/Fonts/simhei.ttf><C:/WINDOWS/Fonts/simhei.ttf><C:/WINDOWS/Fonts/simhei.
ttf><C:/Users/Michael Octavianus K/AppData/Local/Programs/MiKTeX 2.9/fonts/type
1/public/amsfonts/cm/cmbx10.pfb><C:/Users/Michael Octavianus K/AppData/Local/Pr
ograms/MiKTeX 2.9/fonts/type1/public/amsfonts/cm/cmbx12.pfb><C:/Users/Michael O
ctavianus K/AppData/Local/Programs/MiKTeX 2.9/fonts/type1/public/amsfonts/cm/cm
bx9.pfb><C:/Users/Michael Octavianus K/AppData/Local/Programs/MiKTeX 2.9/fonts/
type1/public/amsfonts/cm/cmr10.pfb><C:/Users/Michael Octavianus K/AppData/Local
/Programs/MiKTeX 2.9/fonts/type1/public/amsfonts/cm/cmr9.pfb><C:/Users/Michael 
Octavianus K/AppData/Local/Programs/MiKTeX 2.9/fonts/type1/public/amsfonts/cm/c
mtt9.pfb>
Output written on 76066001-Âº†ÈáëÊ∫ê-Â§ß‰Ωú‰∏öÊä•Âëä.pdf (6 pages, 547656 bytes
).
PDF statistics:
 342 PDF objects out of 1000 (max. 8388607)
 0 named destinations out of 1000 (max. 500000)
 177 words of extra memory for PDF output out of 10000 (max. 10000000)

